2018-05-14T15:38:22+00:00 CRITICAL Call to undefined function get_field()

2018-05-14T15:38:23+00:00 CRITICAL Call to undefined function get_field()

2018-05-14T16:07:07+00:00 CRITICAL Call to undefined function get_field()

2018-05-14T16:07:08+00:00 CRITICAL Call to undefined function get_field()

2018-05-18T17:32:18+00:00 CRITICAL Call to undefined function get_field()

2018-05-21T19:51:13+00:00 CRITICAL Call to undefined function get_field()

2018-05-21T19:51:18+00:00 CRITICAL Call to undefined function get_field()

2018-05-21T19:51:21+00:00 CRITICAL Call to undefined function get_field()

2018-05-21T22:23:19+00:00 CRITICAL Call to undefined function get_field()

2018-05-22T11:33:18+00:00 CRITICAL Call to a member function get_sku() on null

2018-05-22T11:33:20+00:00 CRITICAL Call to a member function get_sku() on null

2018-05-22T11:33:39+00:00 CRITICAL Call to a member function get_sku() on null

2018-05-22T11:34:33+00:00 CRITICAL Call to a member function get_sku() on null

2018-05-22T11:48:14+00:00 CRITICAL Call to a member function get_sku() on null

2018-05-22T11:49:28+00:00 CRITICAL Call to a member function get_sku() on null

2018-05-22T11:49:33+00:00 CRITICAL Call to a member function get_sku() on null

2018-05-22T11:56:50+00:00 CRITICAL Cannot redeclare shop_sku() (previously declared in /home/l/l9971350/fatum/public_html/wp-content/themes/eShopper/cart.php:74)

2018-05-22T12:00:48+00:00 CRITICAL Call to a member function get_sku() on null

2018-05-22T12:51:16+00:00 CRITICAL Call to a member function get_average_rating() on null

2018-05-22T12:51:47+00:00 CRITICAL Call to a member function get_average_rating() on null

2018-05-22T12:54:10+00:00 CRITICAL Call to undefined method WC_Cart::get_price()

2018-05-22T12:54:16+00:00 CRITICAL Call to undefined method WC_Cart::get_price()

2018-05-22T13:07:43+00:00 CRITICAL Call to undefined function get_field()

2018-05-22T13:07:45+00:00 CRITICAL Call to undefined function get_field()

2018-05-22T13:09:25+00:00 CRITICAL Call to undefined function get_field()

2018-05-22T13:10:36+00:00 CRITICAL Call to undefined function get_field()

2018-05-22T13:11:03+00:00 CRITICAL Call to undefined function get_field()

2018-05-22T13:12:40+00:00 CRITICAL Call to undefined function get_field()

